Start testing: Jul 04 12:45 WEST
----------------------------------------------------------
1/6 Testing: test_audio_graph
1/6 Test: test_audio_graph
Command: "/home/j3tson/project_chimera/build/tests/test_audio_graph"
Directory: /home/j3tson/project_chimera/build/tests
"test_audio_graph" start time: Jul 04 12:45 WEST
Output:
----------------------------------------------------------
PASS: add_node returns valid IDs
PASS: node lookup works
PASS: master node lookup works
PASS: connect returns true
PASS: connect returns true for right channel
PASS: prepare succeeds
PASS: master node is accessible
PASS: connections recorded
PASS: processing order has nodes
PASS: node removed
PASS: graph cleared

0 test(s) failed
<end of output>
Test time =   0.00 sec
----------------------------------------------------------
Test Passed.
"test_audio_graph" end time: Jul 04 12:45 WEST
"test_audio_graph" time elapsed: 00:00:00
----------------------------------------------------------

2/6 Testing: test_ring_buffer
2/6 Test: test_ring_buffer
Command: "/home/j3tson/project_chimera/build/tests/test_ring_buffer"
Directory: /home/j3tson/project_chimera/build/tests
"test_ring_buffer" start time: Jul 04 12:45 WEST
Output:
----------------------------------------------------------
PASS: buffer starts empty
PASS: buffer not full
PASS: size is 0
PASS: push returns true
PASS: buffer not empty
PASS: size is 1
PASS: pop returns true
PASS: popped correct value
PASS: buffer empty again
PASS: buffer full
PASS: push on full returns false
PASS: last value correct
PASS: buffer empty after drain
PASS: stress test completed

0 test(s) failed
<end of output>
Test time =   0.00 sec
----------------------------------------------------------
Test Passed.
"test_ring_buffer" end time: Jul 04 12:45 WEST
"test_ring_buffer" time elapsed: 00:00:00
----------------------------------------------------------

3/6 Testing: test_session
3/6 Test: test_session
Command: "/home/j3tson/project_chimera/build/tests/test_session"
Directory: /home/j3tson/project_chimera/build/tests
"test_session" start time: Jul 04 12:45 WEST
Output:
----------------------------------------------------------
PASS: default name is Untitled
PASS: name updated
PASS: export graph succeeds
PASS: save succeeds
PASS: load succeeds
PASS: loaded name matches
PASS: import graph succeeds
PASS: graph has 2 nodes
PASS: both nodes valid
PASS: autosave callback invoked

0 test(s) failed
<end of output>
Test time =   0.00 sec
----------------------------------------------------------
Test Passed.
"test_session" end time: Jul 04 12:45 WEST
"test_session" time elapsed: 00:00:00
----------------------------------------------------------

4/6 Testing: test_plugin_abi
4/6 Test: test_plugin_abi
Command: "/home/j3tson/project_chimera/build/tests/test_plugin_abi"
Directory: /home/j3tson/project_chimera/build/tests
"test_plugin_abi" start time: Jul 04 12:45 WEST
Output:
----------------------------------------------------------
PASS: plugin header API version
PASS: struct sizes are reasonable
PASS: descriptor has correct layout
PASS: port struct is at least pointer+int
PASS: vtable has create field
SKIP: gain plugin not built (libchimera_gain_plugin.so: cannot open shared object file: No such file or directory)

0 test(s) failed
<end of output>
Test time =   0.00 sec
----------------------------------------------------------
Test Passed.
"test_plugin_abi" end time: Jul 04 12:45 WEST
"test_plugin_abi" time elapsed: 00:00:00
----------------------------------------------------------

5/6 Testing: test_nodes
5/6 Test: test_nodes
Command: "/home/j3tson/project_chimera/build/tests/test_nodes"
Directory: /home/j3tson/project_chimera/build/tests
"test_nodes" start time: Jul 04 12:45 WEST
Output:
----------------------------------------------------------
PASS: test tone has output
PASS: test tone produces signal
PASS: test tone within amplitude
PASS: phase advances
PASS: frequency updated
PASS: master has stereo inputs
PASS: volume applied correctly

0 test(s) failed
<end of output>
Test time =   0.00 sec
----------------------------------------------------------
Test Passed.
"test_nodes" end time: Jul 04 12:45 WEST
"test_nodes" time elapsed: 00:00:00
----------------------------------------------------------

6/6 Testing: test_plugin_host
6/6 Test: test_plugin_host
Command: "/home/j3tson/project_chimera/build/tests/test_plugin_host"
Directory: /home/j3tson/project_chimera/build/tests
"test_plugin_host" start time: Jul 04 12:45 WEST
Output:
----------------------------------------------------------
[WARN] /home/j3tson/project_chimera/software/audio-engine/src/plugin_host.cpp:230 Plugin directory does not exist: /nonexistent
[INFO] /home/j3tson/project_chimera/software/audio-engine/src/plugin_host.cpp:34 Loaded plugin: Gain v1.0.0 by Chimera
[INFO] /home/j3tson/project_chimera/software/audio-engine/src/plugin_host.cpp:259 Plugin instantiated as node 1
[INFO] /home/j3tson/project_chimera/software/audio-engine/src/plugin_host.cpp:130 Plugin instance created: Gain
PASS: scan missing dir returns empty
PASS: scan gain plugin
PASS: plugin name is Gain
PASS: plugin vendor is Chimera
PASS: plugin version is 1.0.0
PASS: instantiate gain plugin
PASS: node exists in graph
PASS: node has 1 input
PASS: node has 1 output
PASS: node is a PluginNode
PASS: default gain is 1.0
PASS: gain set to 0.5

0 test(s) failed
<end of output>
Test time =   0.00 sec
----------------------------------------------------------
Test Passed.
"test_plugin_host" end time: Jul 04 12:45 WEST
"test_plugin_host" time elapsed: 00:00:00
----------------------------------------------------------

End testing: Jul 04 12:45 WEST
